<?xml version="1.0" encoding="UTF-8"?>
<!-- Generated by org.testng.reporters.JUnitXMLReporter -->
<testsuite hostname="LAPTOP-ALVRLO6C" ignored="0" name="Test" tests="5" failures="0" timestamp="17 Dec 2022 15:52:42 GMT" time="6.006" errors="0">
  <testcase name="testcase1" time="5.8" classname="org.testing.testCases.TC1_PostRequest"/>
  <testcase name="testcase2" time="0.075" classname="org.testing.testCases.TC2_GetAllRequest"/>
  <testcase name="testcase3" time="0.019" classname="org.testing.testCases.TC3_GetParticularRecord"/>
  <testcase name="testCase4" time="0.055" classname="org.testing.testCases.TC4_Put_Request"/>
  <testcase name="testcase5" time="0.027" classname="org.testing.testCases.TC5_Delete_Request"/>
</testsuite> <!-- Test -->
